<?xml version="1.0" encoding="UTF-8"?>
<!-- Generated by org.testng.reporters.JUnitXMLReporter -->
<testsuite hostname="DESKTOP-6E0H0OD" ignored="0" name="Test" tests="6" failures="0" timestamp="2020-01-18T11:12:42 IST" time="139.825" errors="0">
  <testcase name="createLead" time="7.577" classname="testcases.CreateLead"/>
  <testcase name="createLead" time="6.316" classname="testcases.CreateLead"/>
  <testcase name="deleteLead" time="12.276" classname="testcases.DeleteLead"/>
  <testcase name="deleteLead" time="12.593" classname="testcases.DeleteLead"/>
  <testcase name="editLead" time="11.597" classname="testcases.EditLead"/>
  <testcase name="editLead" time="11.277" classname="testcases.EditLead"/>
</testsuite> <!-- Test -->
