<?xml version="1.0" encoding="UTF-8"?>
<testng-results skipped="0" failed="0" ignored="0" total="1" passed="1">
  <reporter-output>
  </reporter-output>
  <suite name="Default suite" duration-ms="5475" started-at="2019-12-01T12:30:37 IST" finished-at="2019-12-01T12:30:42 IST">
    <groups>
    </groups>
    <test name="Default test" duration-ms="5475" started-at="2019-12-01T12:30:37 IST" finished-at="2019-12-01T12:30:42 IST">
      <class name="day2.GetNodes">
        <test-method status="PASS" signature="runTest()[pri:0, instance:day2.GetNodes@74650e52]" name="runTest" duration-ms="5427" started-at="2019-12-01T12:30:37 IST" finished-at="2019-12-01T12:30:42 IST">
          <reporter-output>
          </reporter-output>
        </test-method> <!-- runTest -->
      </class> <!-- day2.GetNodes -->
    </test> <!-- Default test -->
  </suite> <!-- Default suite -->
</testng-results>
